=====================================
<<< 경제 분야 모의고사용 문제 추출 >>>
원본 문제 수: 10240
추출 대상 문제 수: 3072
  - 미시경제학: 768
  - 경제정책 및 시사경제: 666
  - 거시경제학: 768
  - 국제경제학: 768
 ====> 총 추출 문제: 2970
 ====> 모자란 문제: {'경제정책 및 시사경제': 102}
=====================================
<<< 보상처리 분야 모의고사용 문제 추출 >>>
원본 문제 수: 2271
추출 대상 문제 수: 681
  - 보험금심사: 227
  - 손해사정실무: 227
  - 분쟁조정 및 금융소비자보호: 227
 ====> 총 추출 문제: 681
=====================================
<<< 통계 분야 모의고사용 문제 추출 >>>
원본 문제 수: 2516
추출 대상 문제 수: 755
  - 기초통계학: 188
  - 응용통계 및 시계열분석: 188
  - 추론통계학: 188
  - 데이터조사 및 분석활용: 188
 ====> 총 추출 문제: 752
=====================================
<<< 리스크관리 분야 모의고사용 문제 추출 >>>
원본 문제 수: 4637
추출 대상 문제 수: 1391
  - 리스크기초이론: 347
  - 보험리스크관리: 113
  - 금융리스크측정기법: 347
  - 통합리스크관리: 228
 ====> 총 추출 문제: 1035
 ====> 모자란 문제: {'보험리스크관리': 234, '통합리스크관리': 119}
=====================================
<<< 보험계약 분야 모의고사용 문제 추출 >>>
원본 문제 수: 5230
추출 대상 문제 수: 1569
  - 보험상품구조: 392
  - 언더라이팅 및 재보험: 392
  - 보험법 및 계약이론: 392
  - 보험회계 및 공시: 117
 ====> 총 추출 문제: 1293
 ====> 모자란 문제: {'보험회계 및 공시': 275}
=====================================
<<< 회계 분야 모의고사용 문제 추출 >>>
원본 문제 수: 6409
추출 대상 문제 수: 1923
  - 재무회계: 641
  - 회계기준 및 감사: 410
  - 관리회계: 641
 ====> 총 추출 문제: 1692
 ====> 모자란 문제: {'회계기준 및 감사': 231}
=====================================
<<< 디지털 분야 모의고사용 문제 추출 >>>
원본 문제 수: 42
추출 대상 문제 수: 13
  - 핀테크 및 블록체인: 3
  - 데이터분석 및 인공지능: 3
  - 디지털금융: 3
  - 정보보호 및 시스템관리: 3
 ====> 총 추출 문제: 12
=====================================
<<< 세무 분야 모의고사용 문제 추출 >>>
원본 문제 수: 3352
추출 대상 문제 수: 1006
  - 소득세·법인세: 251
  - 세무회계 및 재정정책: 251
  - 상속세·증여세: 251
  - 부가가치세 및 원천징수: 251
 ====> 총 추출 문제: 1004
=====================================
<<< 자산운용 분야 모의고사용 문제 추출 >>>
원본 문제 수: 6692
추출 대상 문제 수: 2008
  - 파생상품: 502
  - 투자분석 및 포트폴리오이론: 502
  - 연금·대체투자: 502
  - 펀드운용: 502
 ====> 총 추출 문제: 2008
=====================================
<<< 노무 분야 모의고사용 문제 추출 >>>
원본 문제 수: 674
추출 대상 문제 수: 202
  - 노동법 및 사회보험: 67
  - 근로기준법 및 인사관리: 67
  - 노사관계 및 분쟁조정: 67
 ====> 총 추출 문제: 201
=====================================
<<< 영업 분야 모의고사용 문제 추출 >>>
원본 문제 수: 430
추출 대상 문제 수: 129
  - 고객상담 및 민원관리: 32
  - 영업윤리 및 법규준수: 32
  - 금융상품영업: 32
  - 세일즈커뮤니케이션: 32
 ====> 총 추출 문제: 128
=====================================
<<< 경영 분야 모의고사용 문제 추출 >>>
원본 문제 수: 3457
추출 대상 문제 수: 1037
  - 경영컨설팅 및 기술평가: 229
  - 경영학원론 및 조직관리: 259
  - 재무관리 및 기업가치평가: 259
  - 마케팅 및 영업전략: 149
 ====> 총 추출 문제: 896
 ====> 모자란 문제: {'경영컨설팅 및 기술평가': 30, '마케팅 및 영업전략': 110}
=====================================
<<< 내부통제 분야 모의고사용 문제 추출 >>>
원본 문제 수: 8288
추출 대상 문제 수: 2486
  - 윤리경영 및 내부감사: 621
  - 컴플라이언스 및 법규: 621
  - 소비자보호: 621
  - 자금세탁방지 및 AML: 120
 ====> 총 추출 문제: 1983
 ====> 모자란 문제: {'자금세탁방지 및 AML': 501}