=====================================
 금융일반
-------------------------------------
 경영
 - 경영컨설팅 및 기술평가: 21 x 3세트 (총 229개 중 63개 사용)
 - 경영학원론 및 조직관리: 21 x 3세트 (총 259개 중 63개 사용)
 - 재무관리 및 기업가치평가: 21 x 3세트 (총 259개 중 63개 사용)
 - 마케팅 및 영업전략: 20 x 3세트 (총 149개 중 60개 사용)
-------------------------------------
 통계
 - 기초통계학: 21 x 3세트 (총 188개 중 63개 사용)
 - 응용통계 및 시계열분석: 20 x 3세트 (총 188개 중 60개 사용)
 - 추론통계학: 21 x 3세트 (총 188개 중 63개 사용)
 - 데이터조사 및 분석활용: 21 x 3세트 (총 188개 중 63개 사용)
-------------------------------------
 경제
 - 미시경제학: 21 x 3세트 (총 768개 중 63개 사용)
 - 경제정책 및 시사경제: 21 x 3세트 (총 666개 중 63개 사용)
 - 거시경제학: 21 x 3세트 (총 768개 중 63개 사용)
 - 국제경제학: 21 x 3세트 (총 768개 중 63개 사용)
 ====> 1세트: 250/250 (100.00%)
 ====> 2세트: 250/250 (100.00%)
 ====> 3세트: 250/250 (100.00%)
=====================================
 금융실무2
-------------------------------------
 보험계약
 - 보험상품구조: 32 x 3세트 (총 392개 중 96개 사용)
 - 언더라이팅 및 재보험: 30 x 3세트 (총 392개 중 90개 사용)
 - 보험법 및 계약이론: 33 x 3세트 (총 392개 중 99개 사용)
 - 보험회계 및 공시: 30 x 3세트 (총 117개 중 90개 사용)
-------------------------------------
 보상처리
 - 보험금심사: 42 x 3세트 (총 227개 중 126개 사용)
 - 손해사정실무: 42 x 3세트 (총 227개 중 126개 사용)
 - 분쟁조정 및 금융소비자보호: 41 x 3세트 (총 227개 중 123개 사용)
 ====> 1세트: 250/250 (100.00%)
 ====> 2세트: 250/250 (100.00%)
 ====> 3세트: 250/250 (100.00%)
=====================================
 금융심화
-------------------------------------
 세무
 - 소득세·법인세: 21 x 3세트 (총 251개 중 63개 사용)
 - 세무회계 및 재정정책: 21 x 3세트 (총 251개 중 63개 사용)
 - 상속세·증여세: 20 x 3세트 (총 251개 중 60개 사용)
 - 부가가치세 및 원천징수: 21 x 3세트 (총 251개 중 63개 사용)
-------------------------------------
 회계
 - 재무회계: 28 x 3세트 (총 641개 중 84개 사용)
 - 회계기준 및 감사: 28 x 3세트 (총 410개 중 84개 사용)
 - 관리회계: 28 x 3세트 (총 641개 중 84개 사용)
-------------------------------------
 노무
 - (ERROR) 노동법 및 사회보험: 22/28 (데이터 부족: 67개 사용)
 - (ERROR) 근로기준법 및 인사관리: 22/28 (데이터 부족: 67개 사용)
 - (ERROR) 노사관계 및 분쟁조정: 22/27 (데이터 부족: 67개 사용)
 ====> 1세트: 250/250 (100.00%)
 ====> 2세트: 250/250 (100.00%)
 ====> 3세트: 202/250 (80.80%)
=====================================
 금융실무1
-------------------------------------
 내부통제
 - 윤리경영 및 내부감사: 15 x 3세트 (총 621개 중 45개 사용)
 - 컴플라이언스 및 법규: 17 x 3세트 (총 621개 중 51개 사용)
 - 소비자보호: 16 x 3세트 (총 621개 중 48개 사용)
 - 자금세탁방지 및 AML: 15 x 3세트 (총 120개 중 45개 사용)
-------------------------------------
 영업
 - (ERROR) 고객상담 및 민원관리: 10/16 (데이터 부족: 32개 사용)
 - (ERROR) 영업윤리 및 법규준수: 10/16 (데이터 부족: 32개 사용)
 - (ERROR) 금융상품영업: 10/15 (데이터 부족: 32개 사용)
 - (ERROR) 세일즈커뮤니케이션: 10/15 (데이터 부족: 32개 사용)
-------------------------------------
 리스크관리
 - 리스크기초이론: 16 x 3세트 (총 347개 중 48개 사용)
 - 보험리스크관리: 15 x 3세트 (총 113개 중 45개 사용)
 - 금융리스크측정기법: 16 x 3세트 (총 347개 중 48개 사용)
 - 통합리스크관리: 15 x 3세트 (총 228개 중 45개 사용)
-------------------------------------
 자산운용
 - 투자분석 및 포트폴리오이론: 16 x 3세트 (총 502개 중 48개 사용)
 - 연금·대체투자: 15 x 3세트 (총 502개 중 45개 사용)
 - 펀드운용: 16 x 3세트 (총 502개 중 48개 사용)
 - 파생상품: 16 x 3세트 (총 502개 중 48개 사용)
 ====> 1세트: 250/250 (100.00%)
 ====> 2세트: 250/250 (100.00%)
 ====> 3세트: 192/250 (76.80%)=====================================
 금융일반
-------------------------------------
 경영
 - 경영컨설팅 및 기술평가: 21 x 3세트 (총 229개 중 63개 사용)
 - 경영학원론 및 조직관리: 21 x 3세트 (총 259개 중 63개 사용)
 - 재무관리 및 기업가치평가: 21 x 3세트 (총 259개 중 63개 사용)
 - 마케팅 및 영업전략: 20 x 3세트 (총 149개 중 60개 사용)
-------------------------------------
 통계
 - 기초통계학: 21 x 3세트 (총 188개 중 63개 사용)
 - 응용통계 및 시계열분석: 20 x 3세트 (총 188개 중 60개 사용)
 - 추론통계학: 21 x 3세트 (총 188개 중 63개 사용)
 - 데이터조사 및 분석활용: 21 x 3세트 (총 188개 중 63개 사용)
-------------------------------------
 경제
 - 미시경제학: 21 x 3세트 (총 768개 중 63개 사용)
 - 경제정책 및 시사경제: 21 x 3세트 (총 666개 중 63개 사용)
 - 거시경제학: 21 x 3세트 (총 768개 중 63개 사용)
 - 국제경제학: 21 x 3세트 (총 768개 중 63개 사용)
 ====> 1세트: 250/250 (100.00%)
 ====> 2세트: 250/250 (100.00%)
 ====> 3세트: 250/250 (100.00%)
=====================================
 금융실무2
-------------------------------------
 보험계약
 - 보험상품구조: 32 x 3세트 (총 392개 중 96개 사용)
 - 언더라이팅 및 재보험: 30 x 3세트 (총 392개 중 90개 사용)
 - 보험법 및 계약이론: 33 x 3세트 (총 392개 중 99개 사용)
 - 보험회계 및 공시: 30 x 3세트 (총 117개 중 90개 사용)
-------------------------------------
 보상처리
 - 보험금심사: 42 x 3세트 (총 227개 중 126개 사용)
 - 손해사정실무: 42 x 3세트 (총 227개 중 126개 사용)
 - 분쟁조정 및 금융소비자보호: 41 x 3세트 (총 227개 중 123개 사용)
 ====> 1세트: 250/250 (100.00%)
 ====> 2세트: 250/250 (100.00%)
 ====> 3세트: 250/250 (100.00%)
=====================================
 금융심화
-------------------------------------
 세무
 - 소득세·법인세: 21 x 3세트 (총 251개 중 63개 사용)
 - 세무회계 및 재정정책: 21 x 3세트 (총 251개 중 63개 사용)
 - 상속세·증여세: 20 x 3세트 (총 251개 중 60개 사용)
 - 부가가치세 및 원천징수: 21 x 3세트 (총 251개 중 63개 사용)
-------------------------------------
 회계
 - 재무회계: 28 x 3세트 (총 641개 중 84개 사용)
 - 회계기준 및 감사: 28 x 3세트 (총 410개 중 84개 사용)
 - 관리회계: 28 x 3세트 (총 641개 중 84개 사용)
-------------------------------------
 노무
 - (ERROR) 노동법 및 사회보험: 67/28 (데이터 부족: 39개 필요)
 - (ERROR) 근로기준법 및 인사관리: 67/28 (데이터 부족: 39개 필요)
 - (ERROR) 노사관계 및 분쟁조정: 67/27 (데이터 부족: 40개 필요)
 ====> 1세트: 250/250 (100.00%)
 ====> 2세트: 250/250 (100.00%)
 ====> 3세트: 202/250 (80.80%)
=====================================
 금융실무1
-------------------------------------
 내부통제
 - 윤리경영 및 내부감사: 15 x 3세트 (총 621개 중 45개 사용)
 - 컴플라이언스 및 법규: 17 x 3세트 (총 621개 중 51개 사용)
 - 소비자보호: 16 x 3세트 (총 621개 중 48개 사용)
 - 자금세탁방지 및 AML: 15 x 3세트 (총 120개 중 45개 사용)
-------------------------------------
 영업
 - (ERROR) 고객상담 및 민원관리: 32/16 (데이터 부족: 16개 필요)
 - (ERROR) 영업윤리 및 법규준수: 32/16 (데이터 부족: 16개 필요)
 - (ERROR) 금융상품영업: 32/15 (데이터 부족: 17개 필요)
 - (ERROR) 세일즈커뮤니케이션: 32/15 (데이터 부족: 17개 필요)
-------------------------------------
 리스크관리
 - 리스크기초이론: 16 x 3세트 (총 347개 중 48개 사용)
 - 보험리스크관리: 15 x 3세트 (총 113개 중 45개 사용)
 - 금융리스크측정기법: 16 x 3세트 (총 347개 중 48개 사용)
 - 통합리스크관리: 15 x 3세트 (총 228개 중 45개 사용)
-------------------------------------
 자산운용
 - 투자분석 및 포트폴리오이론: 16 x 3세트 (총 502개 중 48개 사용)
 - 연금·대체투자: 15 x 3세트 (총 502개 중 45개 사용)
 - 펀드운용: 16 x 3세트 (총 502개 중 48개 사용)
 - 파생상품: 16 x 3세트 (총 502개 중 48개 사용)
 ====> 1세트: 250/250 (100.00%)
 ====> 2세트: 250/250 (100.00%)
 ====> 3세트: 192/250 (76.80%)=====================================
 금융일반
-------------------------------------
 경영
 - 경영컨설팅 및 기술평가: 21 x 3세트 (총 229개 중 63개 사용)
 - 경영학원론 및 조직관리: 21 x 3세트 (총 259개 중 63개 사용)
 - 재무관리 및 기업가치평가: 21 x 3세트 (총 259개 중 63개 사용)
 - 마케팅 및 영업전략: 20 x 3세트 (총 149개 중 60개 사용)
-------------------------------------
 통계
 - 기초통계학: 21 x 3세트 (총 188개 중 63개 사용)
 - 응용통계 및 시계열분석: 20 x 3세트 (총 188개 중 60개 사용)
 - 추론통계학: 21 x 3세트 (총 188개 중 63개 사용)
 - 데이터조사 및 분석활용: 21 x 3세트 (총 188개 중 63개 사용)
-------------------------------------
 경제
 - 미시경제학: 21 x 3세트 (총 768개 중 63개 사용)
 - 경제정책 및 시사경제: 21 x 3세트 (총 666개 중 63개 사용)
 - 거시경제학: 21 x 3세트 (총 768개 중 63개 사용)
 - 국제경제학: 21 x 3세트 (총 768개 중 63개 사용)
 ====> 1세트: 250/250 (100.00%)
 ====> 2세트: 250/250 (100.00%)
 ====> 3세트: 250/250 (100.00%)
=====================================
 금융실무2
-------------------------------------
 보험계약
 - 보험상품구조: 32 x 3세트 (총 392개 중 96개 사용)
 - 언더라이팅 및 재보험: 30 x 3세트 (총 392개 중 90개 사용)
 - 보험법 및 계약이론: 33 x 3세트 (총 392개 중 99개 사용)
 - 보험회계 및 공시: 30 x 3세트 (총 117개 중 90개 사용)
-------------------------------------
 보상처리
 - 보험금심사: 42 x 3세트 (총 227개 중 126개 사용)
 - 손해사정실무: 42 x 3세트 (총 227개 중 126개 사용)
 - 분쟁조정 및 금융소비자보호: 41 x 3세트 (총 227개 중 123개 사용)
 ====> 1세트: 250/250 (100.00%)
 ====> 2세트: 250/250 (100.00%)
 ====> 3세트: 250/250 (100.00%)
=====================================
 금융심화
-------------------------------------
 세무
 - 소득세·법인세: 21 x 3세트 (총 251개 중 63개 사용)
 - 세무회계 및 재정정책: 21 x 3세트 (총 251개 중 63개 사용)
 - 상속세·증여세: 20 x 3세트 (총 251개 중 60개 사용)
 - 부가가치세 및 원천징수: 21 x 3세트 (총 251개 중 63개 사용)
-------------------------------------
 회계
 - 재무회계: 28 x 3세트 (총 641개 중 84개 사용)
 - 회계기준 및 감사: 28 x 3세트 (총 410개 중 84개 사용)
 - 관리회계: 28 x 3세트 (총 641개 중 84개 사용)
-------------------------------------
 노무
 - (ERROR) 노동법 및 사회보험: 67/84 (데이터 부족: -17개 필요)
 - (ERROR) 근로기준법 및 인사관리: 67/84 (데이터 부족: -17개 필요)
 - (ERROR) 노사관계 및 분쟁조정: 67/81 (데이터 부족: -14개 필요)
 ====> 1세트: 250/250 (100.00%)
 ====> 2세트: 250/250 (100.00%)
 ====> 3세트: 202/250 (80.80%)
=====================================
 금융실무1
-------------------------------------
 내부통제
 - 윤리경영 및 내부감사: 15 x 3세트 (총 621개 중 45개 사용)
 - 컴플라이언스 및 법규: 17 x 3세트 (총 621개 중 51개 사용)
 - 소비자보호: 16 x 3세트 (총 621개 중 48개 사용)
 - 자금세탁방지 및 AML: 15 x 3세트 (총 120개 중 45개 사용)
-------------------------------------
 영업
 - (ERROR) 고객상담 및 민원관리: 32/48 (데이터 부족: -16개 필요)
 - (ERROR) 영업윤리 및 법규준수: 32/48 (데이터 부족: -16개 필요)
 - (ERROR) 금융상품영업: 32/45 (데이터 부족: -13개 필요)
 - (ERROR) 세일즈커뮤니케이션: 32/45 (데이터 부족: -13개 필요)
-------------------------------------
 리스크관리
 - 리스크기초이론: 16 x 3세트 (총 347개 중 48개 사용)
 - 보험리스크관리: 15 x 3세트 (총 113개 중 45개 사용)
 - 금융리스크측정기법: 16 x 3세트 (총 347개 중 48개 사용)
 - 통합리스크관리: 15 x 3세트 (총 228개 중 45개 사용)
-------------------------------------
 자산운용
 - 투자분석 및 포트폴리오이론: 16 x 3세트 (총 502개 중 48개 사용)
 - 연금·대체투자: 15 x 3세트 (총 502개 중 45개 사용)
 - 펀드운용: 16 x 3세트 (총 502개 중 48개 사용)
 - 파생상품: 16 x 3세트 (총 502개 중 48개 사용)
 ====> 1세트: 250/250 (100.00%)
 ====> 2세트: 250/250 (100.00%)
 ====> 3세트: 192/250 (76.80%)=====================================
 금융일반
-------------------------------------
 경영
 - 경영컨설팅 및 기술평가: 21 x 3세트 (총 229개 중 63개 사용)
 - 경영학원론 및 조직관리: 21 x 3세트 (총 259개 중 63개 사용)
 - 재무관리 및 기업가치평가: 21 x 3세트 (총 259개 중 63개 사용)
 - 마케팅 및 영업전략: 20 x 3세트 (총 149개 중 60개 사용)
-------------------------------------
 통계
 - 기초통계학: 21 x 3세트 (총 188개 중 63개 사용)
 - 응용통계 및 시계열분석: 20 x 3세트 (총 188개 중 60개 사용)
 - 추론통계학: 21 x 3세트 (총 188개 중 63개 사용)
 - 데이터조사 및 분석활용: 21 x 3세트 (총 188개 중 63개 사용)
-------------------------------------
 경제
 - 미시경제학: 21 x 3세트 (총 768개 중 63개 사용)
 - 경제정책 및 시사경제: 21 x 3세트 (총 666개 중 63개 사용)
 - 거시경제학: 21 x 3세트 (총 768개 중 63개 사용)
 - 국제경제학: 21 x 3세트 (총 768개 중 63개 사용)
 ====> 1세트: 250/250 (100.00%)
 ====> 2세트: 250/250 (100.00%)
 ====> 3세트: 250/250 (100.00%)
=====================================
 금융실무2
-------------------------------------
 보험계약
 - 보험상품구조: 32 x 3세트 (총 392개 중 96개 사용)
 - 언더라이팅 및 재보험: 30 x 3세트 (총 392개 중 90개 사용)
 - 보험법 및 계약이론: 33 x 3세트 (총 392개 중 99개 사용)
 - 보험회계 및 공시: 30 x 3세트 (총 117개 중 90개 사용)
-------------------------------------
 보상처리
 - 보험금심사: 42 x 3세트 (총 227개 중 126개 사용)
 - 손해사정실무: 42 x 3세트 (총 227개 중 126개 사용)
 - 분쟁조정 및 금융소비자보호: 41 x 3세트 (총 227개 중 123개 사용)
 ====> 1세트: 250/250 (100.00%)
 ====> 2세트: 250/250 (100.00%)
 ====> 3세트: 250/250 (100.00%)
=====================================
 금융심화
-------------------------------------
 세무
 - 소득세·법인세: 21 x 3세트 (총 251개 중 63개 사용)
 - 세무회계 및 재정정책: 21 x 3세트 (총 251개 중 63개 사용)
 - 상속세·증여세: 20 x 3세트 (총 251개 중 60개 사용)
 - 부가가치세 및 원천징수: 21 x 3세트 (총 251개 중 63개 사용)
-------------------------------------
 회계
 - 재무회계: 28 x 3세트 (총 641개 중 84개 사용)
 - 회계기준 및 감사: 28 x 3세트 (총 410개 중 84개 사용)
 - 관리회계: 28 x 3세트 (총 641개 중 84개 사용)
-------------------------------------
 노무
 - (ERROR) 노동법 및 사회보험: 67/84 (데이터 부족: 17개 필요)
 - (ERROR) 근로기준법 및 인사관리: 67/84 (데이터 부족: 17개 필요)
 - (ERROR) 노사관계 및 분쟁조정: 67/81 (데이터 부족: 14개 필요)
 ====> 1세트: 250/250 (100.00%)
 ====> 2세트: 250/250 (100.00%)
 ====> 3세트: 202/250 (80.80%)
=====================================
 금융실무1
-------------------------------------
 내부통제
 - 윤리경영 및 내부감사: 15 x 3세트 (총 621개 중 45개 사용)
 - 컴플라이언스 및 법규: 17 x 3세트 (총 621개 중 51개 사용)
 - 소비자보호: 16 x 3세트 (총 621개 중 48개 사용)
 - 자금세탁방지 및 AML: 15 x 3세트 (총 120개 중 45개 사용)
-------------------------------------
 영업
 - (ERROR) 고객상담 및 민원관리: 32/48 (데이터 부족: 16개 필요)
 - (ERROR) 영업윤리 및 법규준수: 32/48 (데이터 부족: 16개 필요)
 - (ERROR) 금융상품영업: 32/45 (데이터 부족: 13개 필요)
 - (ERROR) 세일즈커뮤니케이션: 32/45 (데이터 부족: 13개 필요)
-------------------------------------
 리스크관리
 - 리스크기초이론: 16 x 3세트 (총 347개 중 48개 사용)
 - 보험리스크관리: 15 x 3세트 (총 113개 중 45개 사용)
 - 금융리스크측정기법: 16 x 3세트 (총 347개 중 48개 사용)
 - 통합리스크관리: 15 x 3세트 (총 228개 중 45개 사용)
-------------------------------------
 자산운용
 - 투자분석 및 포트폴리오이론: 16 x 3세트 (총 502개 중 48개 사용)
 - 연금·대체투자: 15 x 3세트 (총 502개 중 45개 사용)
 - 펀드운용: 16 x 3세트 (총 502개 중 48개 사용)
 - 파생상품: 16 x 3세트 (총 502개 중 48개 사용)
 ====> 1세트: 250/250 (100.00%)
 ====> 2세트: 250/250 (100.00%)
 ====> 3세트: 192/250 (76.80%)=====================================
 금융일반
-------------------------------------
 경영
 - 경영컨설팅 및 기술평가: 21 x 3세트 (총 229개 중 63개 사용)
 - 경영학원론 및 조직관리: 21 x 3세트 (총 302개 중 63개 사용)
 - 재무관리 및 기업가치평가: 21 x 3세트 (총 302개 중 63개 사용)
 - 마케팅 및 영업전략: 20 x 3세트 (총 149개 중 60개 사용)
-------------------------------------
 통계
 - 기초통계학: 21 x 3세트 (총 220개 중 63개 사용)
 - 응용통계 및 시계열분석: 20 x 3세트 (총 220개 중 60개 사용)
 - 추론통계학: 21 x 3세트 (총 220개 중 63개 사용)
 - 데이터조사 및 분석활용: 21 x 3세트 (총 220개 중 63개 사용)
-------------------------------------
 경제
 - 미시경제학: 21 x 3세트 (총 896개 중 63개 사용)
 - 경제정책 및 시사경제: 21 x 3세트 (총 666개 중 63개 사용)
 - 거시경제학: 21 x 3세트 (총 896개 중 63개 사용)
 - 국제경제학: 21 x 3세트 (총 896개 중 63개 사용)
 ====> 1세트: 250/250 (100.00%)
 ====> 2세트: 250/250 (100.00%)
 ====> 3세트: 250/250 (100.00%)
=====================================
 금융실무2
-------------------------------------
 보험계약
 - 보험상품구조: 32 x 3세트 (총 457개 중 96개 사용)
 - 언더라이팅 및 재보험: 30 x 3세트 (총 418개 중 90개 사용)
 - 보험법 및 계약이론: 33 x 3세트 (총 457개 중 99개 사용)
 - 보험회계 및 공시: 30 x 3세트 (총 117개 중 90개 사용)
-------------------------------------
 보상처리
 - 보험금심사: 42 x 3세트 (총 265개 중 126개 사용)
 - 손해사정실무: 42 x 3세트 (총 265개 중 126개 사용)
 - 분쟁조정 및 금융소비자보호: 41 x 3세트 (총 241개 중 123개 사용)
 ====> 1세트: 250/250 (100.00%)
 ====> 2세트: 250/250 (100.00%)
 ====> 3세트: 250/250 (100.00%)
=====================================
 금융심화
-------------------------------------
 세무
 - 소득세·법인세: 21 x 3세트 (총 293개 중 63개 사용)
 - 세무회계 및 재정정책: 21 x 3세트 (총 293개 중 63개 사용)
 - 상속세·증여세: 20 x 3세트 (총 293개 중 60개 사용)
 - 부가가치세 및 원천징수: 21 x 3세트 (총 293개 중 63개 사용)
-------------------------------------
 회계
 - 재무회계: 28 x 3세트 (총 747개 중 84개 사용)
 - 회계기준 및 감사: 28 x 3세트 (총 410개 중 84개 사용)
 - 관리회계: 28 x 3세트 (총 747개 중 84개 사용)
-------------------------------------
 노무
 - (ERROR) 노동법 및 사회보험: 78/84 (데이터 부족: 6개 필요)
 - (ERROR) 근로기준법 및 인사관리: 78/84 (데이터 부족: 6개 필요)
 - (ERROR) 노사관계 및 분쟁조정: 78/81 (데이터 부족: 3개 필요)
 ====> 1세트: 250/250 (100.00%)
 ====> 2세트: 250/250 (100.00%)
 ====> 3세트: 235/250 (94.00%)
=====================================
 _old
 ====> 1세트: 0/250 (0.00%)
 ====> 2세트: 0/250 (0.00%)
 ====> 3세트: 0/250 (0.00%)
=====================================
 금융실무1
-------------------------------------
 내부통제
 - 윤리경영 및 내부감사: 15 x 3세트 (총 725개 중 45개 사용)
 - 컴플라이언스 및 법규: 17 x 3세트 (총 725개 중 51개 사용)
 - 소비자보호: 16 x 3세트 (총 725개 중 48개 사용)
 - 자금세탁방지 및 AML: 15 x 3세트 (총 120개 중 45개 사용)
-------------------------------------
 영업
 - (ERROR) 고객상담 및 민원관리: 37/48 (데이터 부족: 11개 필요)
 - (ERROR) 영업윤리 및 법규준수: 37/48 (데이터 부족: 11개 필요)
 - (ERROR) 금융상품영업: 37/45 (데이터 부족: 8개 필요)
 - (ERROR) 세일즈커뮤니케이션: 37/45 (데이터 부족: 8개 필요)
-------------------------------------
 리스크관리
 - 리스크기초이론: 16 x 3세트 (총 405개 중 48개 사용)
 - 보험리스크관리: 15 x 3세트 (총 113개 중 45개 사용)
 - 금융리스크측정기법: 16 x 3세트 (총 405개 중 48개 사용)
 - 통합리스크관리: 15 x 3세트 (총 228개 중 45개 사용)
-------------------------------------
 자산운용
 - 투자분석 및 포트폴리오이론: 16 x 3세트 (총 585개 중 48개 사용)
 - 연금·대체투자: 15 x 3세트 (총 585개 중 45개 사용)
 - 펀드운용: 16 x 3세트 (총 585개 중 48개 사용)
 - 파생상품: 16 x 3세트 (총 585개 중 48개 사용)
 ====> 1세트: 250/250 (100.00%)
 ====> 2세트: 250/250 (100.00%)
 ====> 3세트: 212/250 (84.80%)=====================================
 금융일반
-------------------------------------
 경영
 - 경영컨설팅 및 기술평가: 21 x 3세트 (총 229개 중 63개 사용)
 - 경영학원론 및 조직관리: 21 x 3세트 (총 302개 중 63개 사용)
 - 재무관리 및 기업가치평가: 21 x 3세트 (총 302개 중 63개 사용)
 - 마케팅 및 영업전략: 20 x 3세트 (총 149개 중 60개 사용)
-------------------------------------
 통계
 - 기초통계학: 21 x 3세트 (총 220개 중 63개 사용)
 - 응용통계 및 시계열분석: 20 x 3세트 (총 220개 중 60개 사용)
 - 추론통계학: 21 x 3세트 (총 220개 중 63개 사용)
 - 데이터조사 및 분석활용: 21 x 3세트 (총 220개 중 63개 사용)
-------------------------------------
 경제
 - 미시경제학: 21 x 3세트 (총 896개 중 63개 사용)
 - 경제정책 및 시사경제: 21 x 3세트 (총 666개 중 63개 사용)
 - 거시경제학: 21 x 3세트 (총 896개 중 63개 사용)
 - 국제경제학: 21 x 3세트 (총 896개 중 63개 사용)
 ====> 1세트: 250/250 (100.00%)
 ====> 2세트: 250/250 (100.00%)
 ====> 3세트: 250/250 (100.00%)
=====================================
 금융실무2
-------------------------------------
 보험계약
 - 보험상품구조: 32 x 3세트 (총 457개 중 96개 사용)
 - 언더라이팅 및 재보험: 30 x 3세트 (총 418개 중 90개 사용)
 - 보험법 및 계약이론: 33 x 3세트 (총 457개 중 99개 사용)
 - 보험회계 및 공시: 30 x 3세트 (총 117개 중 90개 사용)
-------------------------------------
 보상처리
 - 보험금심사: 42 x 3세트 (총 265개 중 126개 사용)
 - 손해사정실무: 42 x 3세트 (총 265개 중 126개 사용)
 - 분쟁조정 및 금융소비자보호: 41 x 3세트 (총 241개 중 123개 사용)
 ====> 1세트: 250/250 (100.00%)
 ====> 2세트: 250/250 (100.00%)
 ====> 3세트: 250/250 (100.00%)
=====================================
 금융심화
-------------------------------------
 세무
 - 소득세·법인세: 21 x 3세트 (총 293개 중 63개 사용)
 - 세무회계 및 재정정책: 21 x 3세트 (총 293개 중 63개 사용)
 - 상속세·증여세: 20 x 3세트 (총 293개 중 60개 사용)
 - 부가가치세 및 원천징수: 21 x 3세트 (총 293개 중 63개 사용)
-------------------------------------
 회계
 - 재무회계: 28 x 3세트 (총 747개 중 84개 사용)
 - 회계기준 및 감사: 28 x 3세트 (총 410개 중 84개 사용)
 - 관리회계: 28 x 3세트 (총 747개 중 84개 사용)
-------------------------------------
 노무
 - (ERROR) 노동법 및 사회보험: 78/84 (데이터 부족: 6개 필요)
 - (ERROR) 근로기준법 및 인사관리: 78/84 (데이터 부족: 6개 필요)
 - (ERROR) 노사관계 및 분쟁조정: 78/81 (데이터 부족: 3개 필요)
 ====> 1세트: 250/250 (100.00%)
 ====> 2세트: 250/250 (100.00%)
 ====> 3세트: 235/250 (94.00%)
=====================================
 금융실무1
-------------------------------------
 내부통제
 - 윤리경영 및 내부감사: 15 x 3세트 (총 725개 중 45개 사용)
 - 컴플라이언스 및 법규: 17 x 3세트 (총 725개 중 51개 사용)
 - 소비자보호: 16 x 3세트 (총 725개 중 48개 사용)
 - 자금세탁방지 및 AML: 15 x 3세트 (총 120개 중 45개 사용)
-------------------------------------
 영업
 - (ERROR) 고객상담 및 민원관리: 37/48 (데이터 부족: 11개 필요)
 - (ERROR) 영업윤리 및 법규준수: 37/48 (데이터 부족: 11개 필요)
 - (ERROR) 금융상품영업: 37/45 (데이터 부족: 8개 필요)
 - (ERROR) 세일즈커뮤니케이션: 37/45 (데이터 부족: 8개 필요)
-------------------------------------
 리스크관리
 - 리스크기초이론: 16 x 3세트 (총 405개 중 48개 사용)
 - 보험리스크관리: 15 x 3세트 (총 113개 중 45개 사용)
 - 금융리스크측정기법: 16 x 3세트 (총 405개 중 48개 사용)
 - 통합리스크관리: 15 x 3세트 (총 228개 중 45개 사용)
-------------------------------------
 자산운용
 - 투자분석 및 포트폴리오이론: 16 x 3세트 (총 585개 중 48개 사용)
 - 연금·대체투자: 15 x 3세트 (총 585개 중 45개 사용)
 - 펀드운용: 16 x 3세트 (총 585개 중 48개 사용)
 - 파생상품: 16 x 3세트 (총 585개 중 48개 사용)
 ====> 1세트: 250/250 (100.00%)
 ====> 2세트: 250/250 (100.00%)
 ====> 3세트: 212/250 (84.80%)=====================================
 금융일반
-------------------------------------
 경영
 - 경영컨설팅 및 기술평가: 21 x 3세트 (총 229개 중 63개 사용)
 - 경영학원론 및 조직관리: 21 x 3세트 (총 345개 중 63개 사용)
 - 재무관리 및 기업가치평가: 21 x 3세트 (총 345개 중 63개 사용)
 - 마케팅 및 영업전략: 20 x 3세트 (총 149개 중 60개 사용)
-------------------------------------
 통계
 - 기초통계학: 21 x 3세트 (총 251개 중 63개 사용)
 - 응용통계 및 시계열분석: 20 x 3세트 (총 251개 중 60개 사용)
 - 추론통계학: 21 x 3세트 (총 251개 중 63개 사용)
 - 데이터조사 및 분석활용: 21 x 3세트 (총 251개 중 63개 사용)
-------------------------------------
 경제
 - 미시경제학: 21 x 3세트 (총 1024개 중 63개 사용)
 - 경제정책 및 시사경제: 21 x 3세트 (총 666개 중 63개 사용)
 - 거시경제학: 21 x 3세트 (총 1024개 중 63개 사용)
 - 국제경제학: 21 x 3세트 (총 1024개 중 63개 사용)
 ====> 1세트: 250/250 (100.00%)
 ====> 2세트: 250/250 (100.00%)
 ====> 3세트: 250/250 (100.00%)
=====================================
 금융실무2
-------------------------------------
 보험계약
 - 보험상품구조: 32 x 3세트 (총 523개 중 96개 사용)
 - 언더라이팅 및 재보험: 30 x 3세트 (총 418개 중 90개 사용)
 - 보험법 및 계약이론: 33 x 3세트 (총 523개 중 99개 사용)
 - 보험회계 및 공시: 30 x 3세트 (총 117개 중 90개 사용)
-------------------------------------
 보상처리
 - 보험금심사: 42 x 3세트 (총 302개 중 126개 사용)
 - 손해사정실무: 42 x 3세트 (총 302개 중 126개 사용)
 - 분쟁조정 및 금융소비자보호: 41 x 3세트 (총 241개 중 123개 사용)
 ====> 1세트: 250/250 (100.00%)
 ====> 2세트: 250/250 (100.00%)
 ====> 3세트: 250/250 (100.00%)
=====================================
 금융심화
-------------------------------------
 세무
 - 소득세·법인세: 21 x 3세트 (총 335개 중 63개 사용)
 - 세무회계 및 재정정책: 21 x 3세트 (총 335개 중 63개 사용)
 - 상속세·증여세: 20 x 3세트 (총 332개 중 60개 사용)
 - 부가가치세 및 원천징수: 21 x 3세트 (총 335개 중 63개 사용)
-------------------------------------
 회계
 - 재무회계: 28 x 3세트 (총 854개 중 84개 사용)
 - 회계기준 및 감사: 28 x 3세트 (총 410개 중 84개 사용)
 - 관리회계: 28 x 3세트 (총 854개 중 84개 사용)
-------------------------------------
 노무
 - 노동법 및 사회보험: 28 x 3세트 (총 90개 중 84개 사용)
 - 근로기준법 및 인사관리: 28 x 3세트 (총 90개 중 84개 사용)
 - 노사관계 및 분쟁조정: 27 x 3세트 (총 90개 중 81개 사용)
 ====> 1세트: 250/250 (100.00%)
 ====> 2세트: 250/250 (100.00%)
 ====> 3세트: 250/250 (100.00%)
=====================================
 금융실무1
-------------------------------------
 내부통제
 - 윤리경영 및 내부감사: 15 x 3세트 (총 828개 중 45개 사용)
 - 컴플라이언스 및 법규: 17 x 3세트 (총 828개 중 51개 사용)
 - 소비자보호: 16 x 3세트 (총 828개 중 48개 사용)
 - 자금세탁방지 및 AML: 15 x 3세트 (총 120개 중 45개 사용)
-------------------------------------
 영업
 - (ERROR) 고객상담 및 민원관리: 43/48 (데이터 부족: 5개 필요)
 - (ERROR) 영업윤리 및 법규준수: 43/48 (데이터 부족: 5개 필요)
 - (ERROR) 금융상품영업: 43/45 (데이터 부족: 2개 필요)
 - (ERROR) 세일즈커뮤니케이션: 43/45 (데이터 부족: 2개 필요)
-------------------------------------
 리스크관리
 - 리스크기초이론: 16 x 3세트 (총 463개 중 48개 사용)
 - 보험리스크관리: 15 x 3세트 (총 113개 중 45개 사용)
 - 금융리스크측정기법: 16 x 3세트 (총 463개 중 48개 사용)
 - 통합리스크관리: 15 x 3세트 (총 228개 중 45개 사용)
-------------------------------------
 자산운용
 - 투자분석 및 포트폴리오이론: 16 x 3세트 (총 669개 중 48개 사용)
 - 연금·대체투자: 15 x 3세트 (총 669개 중 45개 사용)
 - 펀드운용: 16 x 3세트 (총 669개 중 48개 사용)
 - 파생상품: 16 x 3세트 (총 669개 중 48개 사용)
 ====> 1세트: 250/250 (100.00%)
 ====> 2세트: 250/250 (100.00%)
 ====> 3세트: 236/250 (94.40%)=====================================
 금융일반
-------------------------------------
 경영
 - 경영컨설팅 및 기술평가: 21 x 3세트 (총 229개 중 63개 사용)
 - 경영학원론 및 조직관리: 21 x 3세트 (총 389개 중 63개 사용)
 - 재무관리 및 기업가치평가: 21 x 3세트 (총 389개 중 63개 사용)
 - 마케팅 및 영업전략: 20 x 3세트 (총 149개 중 60개 사용)
-------------------------------------
 통계
 - 기초통계학: 21 x 3세트 (총 283개 중 63개 사용)
 - 응용통계 및 시계열분석: 20 x 3세트 (총 263개 중 60개 사용)
 - 추론통계학: 21 x 3세트 (총 283개 중 63개 사용)
 - 데이터조사 및 분석활용: 21 x 3세트 (총 283개 중 63개 사용)
-------------------------------------
 경제
 - 미시경제학: 21 x 3세트 (총 1152개 중 63개 사용)
 - 경제정책 및 시사경제: 21 x 3세트 (총 666개 중 63개 사용)
 - 거시경제학: 21 x 3세트 (총 1152개 중 63개 사용)
 - 국제경제학: 21 x 3세트 (총 1152개 중 63개 사용)
 ====> 1세트: 250/250 (100.00%)
 ====> 2세트: 250/250 (100.00%)
 ====> 3세트: 250/250 (100.00%)
=====================================
 금융실무2
-------------------------------------
 보험계약
 - 보험상품구조: 32 x 3세트 (총 588개 중 96개 사용)
 - 언더라이팅 및 재보험: 30 x 3세트 (총 418개 중 90개 사용)
 - 보험법 및 계약이론: 33 x 3세트 (총 588개 중 99개 사용)
 - 보험회계 및 공시: 30 x 3세트 (총 117개 중 90개 사용)
-------------------------------------
 보상처리
 - 보험금심사: 42 x 3세트 (총 340개 중 126개 사용)
 - 손해사정실무: 42 x 3세트 (총 340개 중 126개 사용)
 - 분쟁조정 및 금융소비자보호: 41 x 3세트 (총 241개 중 123개 사용)
 ====> 1세트: 250/250 (100.00%)
 ====> 2세트: 250/250 (100.00%)
 ====> 3세트: 250/250 (100.00%)
=====================================
 금융심화
-------------------------------------
 세무
 - 소득세·법인세: 21 x 3세트 (총 377개 중 63개 사용)
 - 세무회계 및 재정정책: 21 x 3세트 (총 377개 중 63개 사용)
 - 상속세·증여세: 20 x 3세트 (총 332개 중 60개 사용)
 - 부가가치세 및 원천징수: 21 x 3세트 (총 377개 중 63개 사용)
-------------------------------------
 회계
 - 재무회계: 28 x 3세트 (총 961개 중 84개 사용)
 - 회계기준 및 감사: 28 x 3세트 (총 410개 중 84개 사용)
 - 관리회계: 28 x 3세트 (총 961개 중 84개 사용)
-------------------------------------
 노무
 - 노동법 및 사회보험: 28 x 3세트 (총 101개 중 84개 사용)
 - 근로기준법 및 인사관리: 28 x 3세트 (총 101개 중 84개 사용)
 - 노사관계 및 분쟁조정: 27 x 3세트 (총 101개 중 81개 사용)
 ====> 1세트: 250/250 (100.00%)
 ====> 2세트: 250/250 (100.00%)
 ====> 3세트: 250/250 (100.00%)
=====================================
 금융실무1
-------------------------------------
 내부통제
 - 윤리경영 및 내부감사: 15 x 3세트 (총 932개 중 45개 사용)
 - 컴플라이언스 및 법규: 17 x 3세트 (총 932개 중 51개 사용)
 - 소비자보호: 16 x 3세트 (총 932개 중 48개 사용)
 - 자금세탁방지 및 AML: 15 x 3세트 (총 120개 중 45개 사용)
-------------------------------------
 영업
 - 고객상담 및 민원관리: 16 x 3세트 (총 48개 중 48개 사용)
 - 영업윤리 및 법규준수: 16 x 3세트 (총 48개 중 48개 사용)
 - 금융상품영업: 15 x 3세트 (총 45개 중 45개 사용)
 - 세일즈커뮤니케이션: 15 x 3세트 (총 48개 중 45개 사용)
-------------------------------------
 리스크관리
 - 리스크기초이론: 16 x 3세트 (총 521개 중 48개 사용)
 - 보험리스크관리: 15 x 3세트 (총 113개 중 45개 사용)
 - 금융리스크측정기법: 16 x 3세트 (총 521개 중 48개 사용)
 - 통합리스크관리: 15 x 3세트 (총 228개 중 45개 사용)
-------------------------------------
 자산운용
 - 투자분석 및 포트폴리오이론: 16 x 3세트 (총 752개 중 48개 사용)
 - 연금·대체투자: 15 x 3세트 (총 752개 중 45개 사용)
 - 펀드운용: 16 x 3세트 (총 752개 중 48개 사용)
 - 파생상품: 16 x 3세트 (총 752개 중 48개 사용)
 ====> 1세트: 250/250 (100.00%)
 ====> 2세트: 250/250 (100.00%)
 ====> 3세트: 250/250 (100.00%)=====================================
 금융일반
-------------------------------------
 경영
 - 경영컨설팅 및 기술평가: 21 x 3세트 (총 229개 중 63개 사용)
 - 경영학원론 및 조직관리: 21 x 3세트 (총 389개 중 63개 사용)
 - 재무관리 및 기업가치평가: 21 x 3세트 (총 389개 중 63개 사용)
 - 마케팅 및 영업전략: 20 x 3세트 (총 149개 중 60개 사용)
-------------------------------------
 통계
 - 기초통계학: 21 x 3세트 (총 283개 중 63개 사용)
 - 응용통계 및 시계열분석: 20 x 3세트 (총 263개 중 60개 사용)
 - 추론통계학: 21 x 3세트 (총 283개 중 63개 사용)
 - 데이터조사 및 분석활용: 21 x 3세트 (총 283개 중 63개 사용)
-------------------------------------
 경제
 - 미시경제학: 21 x 3세트 (총 1152개 중 63개 사용)
 - 경제정책 및 시사경제: 21 x 3세트 (총 666개 중 63개 사용)
 - 거시경제학: 21 x 3세트 (총 1152개 중 63개 사용)
 - 국제경제학: 21 x 3세트 (총 1152개 중 63개 사용)
 ====> 1세트: 250/250 (100.00%)
 ====> 2세트: 250/250 (100.00%)
 ====> 3세트: 250/250 (100.00%)
=====================================
 금융실무2
-------------------------------------
 보험계약
 - 보험상품구조: 32 x 3세트 (총 588개 중 96개 사용)
 - 언더라이팅 및 재보험: 30 x 3세트 (총 418개 중 90개 사용)
 - 보험법 및 계약이론: 33 x 3세트 (총 588개 중 99개 사용)
 - 보험회계 및 공시: 30 x 3세트 (총 117개 중 90개 사용)
-------------------------------------
 보상처리
 - 보험금심사: 42 x 3세트 (총 340개 중 126개 사용)
 - 손해사정실무: 42 x 3세트 (총 340개 중 126개 사용)
 - 분쟁조정 및 금융소비자보호: 41 x 3세트 (총 241개 중 123개 사용)
 ====> 1세트: 250/250 (100.00%)
 ====> 2세트: 250/250 (100.00%)
 ====> 3세트: 250/250 (100.00%)
=====================================
 금융심화
-------------------------------------
 세무
 - 소득세·법인세: 21 x 3세트 (총 377개 중 63개 사용)
 - 세무회계 및 재정정책: 21 x 3세트 (총 377개 중 63개 사용)
 - 상속세·증여세: 20 x 3세트 (총 332개 중 60개 사용)
 - 부가가치세 및 원천징수: 21 x 3세트 (총 377개 중 63개 사용)
-------------------------------------
 회계
 - 재무회계: 28 x 3세트 (총 961개 중 84개 사용)
 - 회계기준 및 감사: 28 x 3세트 (총 410개 중 84개 사용)
 - 관리회계: 28 x 3세트 (총 961개 중 84개 사용)
-------------------------------------
 노무
 - 노동법 및 사회보험: 28 x 3세트 (총 101개 중 84개 사용)
 - 근로기준법 및 인사관리: 28 x 3세트 (총 101개 중 84개 사용)
 - 노사관계 및 분쟁조정: 27 x 3세트 (총 101개 중 81개 사용)
 ====> 1세트: 250/250 (100.00%)
 ====> 2세트: 250/250 (100.00%)
 ====> 3세트: 250/250 (100.00%)
=====================================
 금융실무1
-------------------------------------
 내부통제
 - 윤리경영 및 내부감사: 15 x 3세트 (총 932개 중 45개 사용)
 - 컴플라이언스 및 법규: 17 x 3세트 (총 932개 중 51개 사용)
 - 소비자보호: 16 x 3세트 (총 932개 중 48개 사용)
 - 자금세탁방지 및 AML: 15 x 3세트 (총 120개 중 45개 사용)
-------------------------------------
 영업
 - 고객상담 및 민원관리: 16 x 3세트 (총 48개 중 48개 사용)
 - 영업윤리 및 법규준수: 16 x 3세트 (총 48개 중 48개 사용)
 - 금융상품영업: 15 x 3세트 (총 45개 중 45개 사용)
 - 세일즈커뮤니케이션: 15 x 3세트 (총 48개 중 45개 사용)
-------------------------------------
 리스크관리
 - 리스크기초이론: 16 x 3세트 (총 521개 중 48개 사용)
 - 보험리스크관리: 15 x 3세트 (총 113개 중 45개 사용)
 - 금융리스크측정기법: 16 x 3세트 (총 521개 중 48개 사용)
 - 통합리스크관리: 15 x 3세트 (총 228개 중 45개 사용)
-------------------------------------
 자산운용
 - 투자분석 및 포트폴리오이론: 16 x 3세트 (총 752개 중 48개 사용)
 - 연금·대체투자: 15 x 3세트 (총 752개 중 45개 사용)
 - 펀드운용: 16 x 3세트 (총 752개 중 48개 사용)
 - 파생상품: 16 x 3세트 (총 752개 중 48개 사용)
 ====> 1세트: 250/250 (100.00%)
 ====> 2세트: 250/250 (100.00%)
 ====> 3세트: 250/250 (100.00%)=====================================
 금융일반
-------------------------------------
 경영
 - 경영컨설팅 및 기술평가: 21 x 3세트 (총 229개 중 63개 사용)
 - 경영학원론 및 조직관리: 21 x 3세트 (총 389개 중 63개 사용)
 - 재무관리 및 기업가치평가: 21 x 3세트 (총 389개 중 63개 사용)
 - 마케팅 및 영업전략: 20 x 3세트 (총 149개 중 60개 사용)
-------------------------------------
 통계
 - 기초통계학: 21 x 3세트 (총 283개 중 63개 사용)
 - 응용통계 및 시계열분석: 20 x 3세트 (총 263개 중 60개 사용)
 - 추론통계학: 21 x 3세트 (총 283개 중 63개 사용)
 - 데이터조사 및 분석활용: 21 x 3세트 (총 283개 중 63개 사용)
-------------------------------------
 경제
 - 미시경제학: 21 x 3세트 (총 1152개 중 63개 사용)
 - 경제정책 및 시사경제: 21 x 3세트 (총 666개 중 63개 사용)
 - 거시경제학: 21 x 3세트 (총 1152개 중 63개 사용)
 - 국제경제학: 21 x 3세트 (총 1152개 중 63개 사용)
 ====> 1세트: 250/250 (100.00%)
 ====> 2세트: 250/250 (100.00%)
 ====> 3세트: 250/250 (100.00%)
=====================================
 금융실무2
-------------------------------------
 보험계약
 - 보험상품구조: 32 x 3세트 (총 588개 중 96개 사용)
 - 언더라이팅 및 재보험: 30 x 3세트 (총 418개 중 90개 사용)
 - 보험법 및 계약이론: 33 x 3세트 (총 588개 중 99개 사용)
 - 보험회계 및 공시: 30 x 3세트 (총 117개 중 90개 사용)
-------------------------------------
 보상처리
 - 보험금심사: 42 x 3세트 (총 340개 중 126개 사용)
 - 손해사정실무: 42 x 3세트 (총 340개 중 126개 사용)
 - 분쟁조정 및 금융소비자보호: 41 x 3세트 (총 241개 중 123개 사용)
 ====> 1세트: 250/250 (100.00%)
 ====> 2세트: 250/250 (100.00%)
 ====> 3세트: 250/250 (100.00%)
=====================================
 금융심화
-------------------------------------
 세무
 - 소득세·법인세: 21 x 3세트 (총 377개 중 63개 사용)
 - 세무회계 및 재정정책: 21 x 3세트 (총 377개 중 63개 사용)
 - 상속세·증여세: 20 x 3세트 (총 332개 중 60개 사용)
 - 부가가치세 및 원천징수: 21 x 3세트 (총 377개 중 63개 사용)
-------------------------------------
 회계
 - 재무회계: 28 x 3세트 (총 961개 중 84개 사용)
 - 회계기준 및 감사: 28 x 3세트 (총 410개 중 84개 사용)
 - 관리회계: 28 x 3세트 (총 961개 중 84개 사용)
-------------------------------------
 노무
 - 노동법 및 사회보험: 28 x 3세트 (총 101개 중 84개 사용)
 - 근로기준법 및 인사관리: 28 x 3세트 (총 101개 중 84개 사용)
 - 노사관계 및 분쟁조정: 27 x 3세트 (총 101개 중 81개 사용)
 ====> 1세트: 250/250 (100.00%)
 ====> 2세트: 250/250 (100.00%)
 ====> 3세트: 250/250 (100.00%)
=====================================
 _old
 ====> 1세트: 0/250 (0.00%)
 ====> 2세트: 0/250 (0.00%)
 ====> 3세트: 0/250 (0.00%)
=====================================
 금융실무1
-------------------------------------
 내부통제
 - 윤리경영 및 내부감사: 15 x 3세트 (총 932개 중 45개 사용)
 - 컴플라이언스 및 법규: 17 x 3세트 (총 932개 중 51개 사용)
 - 소비자보호: 16 x 3세트 (총 932개 중 48개 사용)
 - 자금세탁방지 및 AML: 15 x 3세트 (총 120개 중 45개 사용)
-------------------------------------
 영업
 - 고객상담 및 민원관리: 16 x 3세트 (총 48개 중 48개 사용)
 - 영업윤리 및 법규준수: 16 x 3세트 (총 48개 중 48개 사용)
 - 금융상품영업: 15 x 3세트 (총 45개 중 45개 사용)
 - 세일즈커뮤니케이션: 15 x 3세트 (총 48개 중 45개 사용)
-------------------------------------
 리스크관리
 - 리스크기초이론: 16 x 3세트 (총 521개 중 48개 사용)
 - 보험리스크관리: 15 x 3세트 (총 113개 중 45개 사용)
 - 금융리스크측정기법: 16 x 3세트 (총 521개 중 48개 사용)
 - 통합리스크관리: 15 x 3세트 (총 228개 중 45개 사용)
-------------------------------------
 자산운용
 - 투자분석 및 포트폴리오이론: 16 x 3세트 (총 752개 중 48개 사용)
 - 연금·대체투자: 15 x 3세트 (총 752개 중 45개 사용)
 - 펀드운용: 16 x 3세트 (총 752개 중 48개 사용)
 - 파생상품: 16 x 3세트 (총 752개 중 48개 사용)
 ====> 1세트: 250/250 (100.00%)
 ====> 2세트: 250/250 (100.00%)
 ====> 3세트: 250/250 (100.00%)