=====================================
 금융일반
-------------------------------------
 경영
 - 경영컨설팅 및 기술평가: 21
 - 경영학원론 및 조직관리: 21
 - 재무관리 및 기업가치평가: 21
 - 마케팅 및 영업전략: 20
-------------------------------------
 통계
 - 기초통계학: 21
 - 응용통계 및 시계열분석: 20
 - 추론통계학: 21
 - 데이터조사 및 분석활용: 21
-------------------------------------
 경제
 - 미시경제학: 21
 - 경제정책 및 시사경제: 21
 - 거시경제학: 21
 - 국제경제학: 21
 ====> 총 추출 문제: 250/250 (100.00%)
=====================================
 금융실무2
-------------------------------------
 보험계약
 - 보험상품구조: 32
 - 언더라이팅 및 재보험: 30
 - 보험법 및 계약이론: 33
 - 보험회계 및 공시: 30
-------------------------------------
 보상처리
 - 보험금심사: 42
 - 손해사정실무: 42
 - 분쟁조정 및 금융소비자보호: 41
 ====> 총 추출 문제: 250/250 (100.00%)
=====================================
 금융심화
-------------------------------------
 세무
 - 소득세·법인세: 21
 - 세무회계 및 재정정책: 21
 - 상속세·증여세: 20
 - 부가가치세 및 원천징수: 21
-------------------------------------
 회계
 - 재무회계: 28
 - 회계기준 및 감사: 28
 - 관리회계: 28
-------------------------------------
 노무
 - 노동법 및 사회보험: 28
 - 근로기준법 및 인사관리: 28
 - 노사관계 및 분쟁조정: 27
 ====> 총 추출 문제: 250/250 (100.00%)
=====================================
 금융실무1
-------------------------------------
 내부통제
 - 윤리경영 및 내부감사: 15
 - 컴플라이언스 및 법규: 17
 - 소비자보호: 16
 - 자금세탁방지 및 AML: 15
-------------------------------------
 영업
 - 고객상담 및 민원관리: 16
 - 영업윤리 및 법규준수: 16
 - 금융상품영업: 15
 - 세일즈커뮤니케이션: 15
-------------------------------------
 리스크관리
 - 리스크기초이론: 16
 - 보험리스크관리: 15
 - 금융리스크측정기법: 16
 - 통합리스크관리: 15
-------------------------------------
 자산운용
 - 투자분석 및 포트폴리오이론: 16
 - 연금·대체투자: 15
 - 펀드운용: 16
 - 파생상품: 16
 ====> 총 추출 문제: 250/250 (100.00%)