=====================================
<<< 경제 분야 모의고사용 문제 추출 >>>
원본 문제 수: 10240
추출 대상 문제 수: 4608
  - 미시경제학: 1152
  - 경제정책 및 시사경제: 666
  - 거시경제학: 1152
  - 국제경제학: 1152
 ====> 총 추출 문제: 4122
 ====> 모자란 문제: {'경제정책 및 시사경제': 486}
=====================================
<<< 보상처리 분야 모의고사용 문제 추출 >>>
원본 문제 수: 2271
추출 대상 문제 수: 1022
  - 보험금심사: 340
  - 손해사정실무: 340
  - 분쟁조정 및 금융소비자보호: 241
 ====> 총 추출 문제: 921
 ====> 모자란 문제: {'분쟁조정 및 금융소비자보호': 99}
=====================================
<<< 통계 분야 모의고사용 문제 추출 >>>
원본 문제 수: 2516
추출 대상 문제 수: 1132
  - 기초통계학: 283
  - 응용통계 및 시계열분석: 263
  - 추론통계학: 283
  - 데이터조사 및 분석활용: 283
 ====> 총 추출 문제: 1112
 ====> 모자란 문제: {'응용통계 및 시계열분석': 20}
=====================================
<<< 리스크관리 분야 모의고사용 문제 추출 >>>
원본 문제 수: 4637
추출 대상 문제 수: 2087
  - 리스크기초이론: 521
  - 보험리스크관리: 113
  - 금융리스크측정기법: 521
  - 통합리스크관리: 228
 ====> 총 추출 문제: 1383
 ====> 모자란 문제: {'보험리스크관리': 408, '통합리스크관리': 293}
=====================================
<<< 보험계약 분야 모의고사용 문제 추출 >>>
원본 문제 수: 5230
추출 대상 문제 수: 2354
  - 보험상품구조: 588
  - 언더라이팅 및 재보험: 418
  - 보험법 및 계약이론: 588
  - 보험회계 및 공시: 117
 ====> 총 추출 문제: 1711
 ====> 모자란 문제: {'언더라이팅 및 재보험': 170, '보험회계 및 공시': 471}
=====================================
<<< 회계 분야 모의고사용 문제 추출 >>>
원본 문제 수: 6409
추출 대상 문제 수: 2884
  - 재무회계: 961
  - 회계기준 및 감사: 410
  - 관리회계: 961
 ====> 총 추출 문제: 2332
 ====> 모자란 문제: {'회계기준 및 감사': 551}
=====================================
<<< 디지털 분야 모의고사용 문제 추출 >>>
원본 문제 수: 42
추출 대상 문제 수: 19
  - 핀테크 및 블록체인: 4
  - 데이터분석 및 인공지능: 4
  - 디지털금융: 4
  - 정보보호 및 시스템관리: 4
 ====> 총 추출 문제: 16
=====================================
<<< 세무 분야 모의고사용 문제 추출 >>>
원본 문제 수: 3352
추출 대상 문제 수: 1508
  - 소득세·법인세: 377
  - 세무회계 및 재정정책: 377
  - 상속세·증여세: 332
  - 부가가치세 및 원천징수: 377
 ====> 총 추출 문제: 1463
 ====> 모자란 문제: {'상속세·증여세': 45}
=====================================
<<< 자산운용 분야 모의고사용 문제 추출 >>>
원본 문제 수: 6692
추출 대상 문제 수: 3011
  - 파생상품: 752
  - 투자분석 및 포트폴리오이론: 752
  - 연금·대체투자: 752
  - 펀드운용: 752
 ====> 총 추출 문제: 3008
=====================================
<<< 노무 분야 모의고사용 문제 추출 >>>
원본 문제 수: 674
추출 대상 문제 수: 303
  - 노동법 및 사회보험: 101
  - 근로기준법 및 인사관리: 101
  - 노사관계 및 분쟁조정: 101
 ====> 총 추출 문제: 303
=====================================
<<< 영업 분야 모의고사용 문제 추출 >>>
원본 문제 수: 430
추출 대상 문제 수: 194
  - 고객상담 및 민원관리: 48
  - 영업윤리 및 법규준수: 48
  - 금융상품영업: 45
  - 세일즈커뮤니케이션: 48
 ====> 총 추출 문제: 189
 ====> 모자란 문제: {'금융상품영업': 3}
=====================================
<<< 경영 분야 모의고사용 문제 추출 >>>
원본 문제 수: 3457
추출 대상 문제 수: 1556
  - 경영컨설팅 및 기술평가: 229
  - 경영학원론 및 조직관리: 389
  - 재무관리 및 기업가치평가: 389
  - 마케팅 및 영업전략: 149
 ====> 총 추출 문제: 1156
 ====> 모자란 문제: {'경영컨설팅 및 기술평가': 160, '마케팅 및 영업전략': 240}
=====================================
<<< 내부통제 분야 모의고사용 문제 추출 >>>
원본 문제 수: 8288
추출 대상 문제 수: 3730
  - 윤리경영 및 내부감사: 932
  - 컴플라이언스 및 법규: 932
  - 소비자보호: 932
  - 자금세탁방지 및 AML: 120
 ====> 총 추출 문제: 2916
 ====> 모자란 문제: {'자금세탁방지 및 AML': 812}